Build started 2015-12-11 00:11:56.
     1>Project "f:\documents\visual studio 2013\Projects\Języki programowania obiektowego\WirtualnySwiat\WirtualnySwiat\WirtualnySwiat.vcxproj" on node 2 (Build target(s)).
     1>ClCompile:
         C:\Program Files (x86)\Microsoft Visual Studio 12.0\VC\bin\CL.exe /c /ZI /nologo /W3 /WX- /sdl /Od /Oy- /D WIN32 /D _DEBUG /D _CONSOLE /D _LIB /D _UNICODE /D UNICODE /Gm /EHsc /RTC1 /MDd /GS /fp:precise /Zc:wchar_t /Zc:forScope /Fo"Debug\\" /Fd"Debug\vc120.pdb" /Gd /TP /analyze- /errorReport:prompt Zwierze.cpp
         Zwierze.cpp
     1>f:\documents\visual studio 2013\projects\języki programowania obiektowego\wirtualnyswiat\wirtualnyswiat\zwierze.cpp(18): warning C4553: '==' : operator has no effect; did you intend '='?
     1>f:\documents\visual studio 2013\projects\języki programowania obiektowego\wirtualnyswiat\wirtualnyswiat\zwierze.cpp(19): warning C4553: '==' : operator has no effect; did you intend '='?
       Link:
         C:\Program Files (x86)\Microsoft Visual Studio 12.0\VC\bin\link.exe /ERRORREPORT:PROMPT /OUT:"f:\documents\visual studio 2013\Projects\Języki programowania obiektowego\WirtualnySwiat\Debug\WirtualnySwiat.exe" /INCREMENTAL /NOLOGO kernel32.lib user32.lib gdi32.lib winspool.lib comdlg32.lib advapi32.lib shell32.lib ole32.lib oleaut32.lib uuid.lib odbc32.lib odbccp32.lib /MANIFEST /MANIFESTUAC:"level='asInvoker' uiAccess='false'" /manifest:embed /DEBUG /PDB:"f:\documents\visual studio 2013\Projects\Języki programowania obiektowego\WirtualnySwiat\Debug\WirtualnySwiat.pdb" /SUBSYSTEM:CONSOLE /TLBID:1 /DYNAMICBASE /NXCOMPAT /IMPLIB:"f:\documents\visual studio 2013\Projects\Języki programowania obiektowego\WirtualnySwiat\Debug\WirtualnySwiat.lib" /MACHINE:X86 Debug\ekran.obj
         Debug\Jez.obj
         Debug\Koka.obj
         Debug\Leniwiec.obj
         Debug\Lis.obj
         Debug\Organizm.obj
         Debug\Owca.obj
         Debug\Pozycja.obj
         Debug\Roslina.obj
         Debug\stdafx.obj
         Debug\Swiat.obj
         Debug\Trawa.obj
         Debug\WilczeJagody.obj
         Debug\Wilk.obj
         Debug\WirtualnySwiat.obj
         Debug\Zwierze.obj
         WirtualnySwiat.vcxproj -> f:\documents\visual studio 2013\Projects\Języki programowania obiektowego\WirtualnySwiat\Debug\WirtualnySwiat.exe
     1>Done Building Project "f:\documents\visual studio 2013\Projects\Języki programowania obiektowego\WirtualnySwiat\WirtualnySwiat\WirtualnySwiat.vcxproj" (Build target(s)).

Build succeeded.

Time Elapsed 00:00:01.09
